SF:/Users/denglibing/HDProject/HarryProject/iOS/hdcoverage/Example/HDCoverageFramework/HDOCFramework.m
FN:12,HDOCFramework.m:+[HDOCFramework frameworkOCAction:]
FNDA:2,HDOCFramework.m:+[HDOCFramework frameworkOCAction:]
FNF:1
FNH:1
DA:20,1
DA:22,1
DA:23,0
DA:24,0
DA:25,1
DA:26,1
DA:27,1
LF:22
LH:18
end_of_record
SF:/Users/denglibing/HDProject/HarryProject/iOS/hdcoverage/Example/HDCoverageFramework/HDSwiftFramework.swift
FN:11,$s19HDCoverageFramework07HDSwiftB0V11saveProfileyyFZ
FN:26,$s19HDCoverageFramework07HDSwiftB0V20frameworkSwiftActionyySiFZ
FNDA:0,$s19HDCoverageFramework07HDSwiftB0V11saveProfileyyFZ
FNDA:2,$s19HDCoverageFramework07HDSwiftB0V20frameworkSwiftActionyySiFZ
FNF:2
FNH:1
DA:31,1
DA:33,1
DA:34,0
DA:35,1
DA:36,1
DA:37,1
DA:38,1
LF:36
LH:20
end_of_record