SF:/Users/denglibing/HDProject/HarryProject/iOS/hdcoverage/Example/HDCoverageDemo/AppDelegate.swift
FN:13,$s14HDCoverageDemo11AppDelegateC11application_29didFinishLaunchingWithOptionsSbSo13UIApplicationC_SDySo0k6LaunchJ3KeyaypGSgtF
FN:20,$s14HDCoverageDemo11AppDelegateC11application_26configurationForConnecting7optionsSo20UISceneConfigurationCSo13UIApplicationC_So0J7SessionCSo0J17ConnectionOptionsCtF
FN:26,$s14HDCoverageDemo11AppDelegateC11application_23didDiscardSceneSessionsySo13UIApplicationC_ShySo14UISceneSessionCGtF
FNDA:3,$s14HDCoverageDemo11AppDelegateC11application_29didFinishLaunchingWithOptionsSbSo13UIApplicationC_SDySo0k6LaunchJ3KeyaypGSgtF
FNDA:0,$s14HDCoverageDemo11AppDelegateC11application_26configurationForConnecting7optionsSo20UISceneConfigurationCSo13UIApplicationC_So0J7SessionCSo0J17ConnectionOptionsCtF
FNDA:0,$s14HDCoverageDemo11AppDelegateC11application_23didDiscardSceneSessionsySo13UIApplicationC_ShySo14UISceneSessionCGtF
FNF:3
FNH:1
DA:13,3
DA:14,3
DA:15,3
DA:16,3
DA:20,0
DA:21,0
DA:22,0
DA:23,0
DA:24,0
DA:26,0
DA:27,0
DA:28,0
DA:29,0
DA:30,0
LF:14
LH:4
end_of_record
SF:/Users/denglibing/HDProject/HarryProject/iOS/hdcoverage/Example/HDCoverageDemo/CoverageTest/HDOC.m
FN:12,HDOC.m:+[HDOC projectOCAction:]
FNDA:0,HDOC.m:+[HDOC projectOCAction:]
FNF:1
FNH:0
DA:12,0
DA:13,0
DA:14,0
DA:15,0
DA:16,0
DA:17,0
DA:18,0
DA:19,0
DA:20,0
DA:21,0
DA:22,0
LF:11
LH:0
end_of_record
SF:/Users/denglibing/HDProject/HarryProject/iOS/hdcoverage/Example/HDCoverageDemo/CoverageTest/HDSwift.swift
FN:11,$s14HDCoverageDemo7HDSwiftV18projectSwiftActionyySiFZ
FNDA:0,$s14HDCoverageDemo7HDSwiftV18projectSwiftActionyySiFZ
FNF:1
FNH:0
DA:11,0
DA:12,0
DA:13,0
DA:14,0
DA:15,0
DA:16,0
DA:17,0
DA:18,0
DA:19,0
DA:20,0
DA:21,0
LF:11
LH:0
end_of_record
SF:/Users/denglibing/HDProject/HarryProject/iOS/hdcoverage/Example/HDCoverageDemo/SceneDelegate.swift
FN:16,$s14HDCoverageDemo13SceneDelegateC5scene_13willConnectTo7optionsySo7UISceneC_So0J7SessionCSo0J17ConnectionOptionsCtF
FN:23,$s14HDCoverageDemo13SceneDelegateC18sceneDidDisconnectyySo7UISceneCF
FN:30,$s14HDCoverageDemo13SceneDelegateC20sceneDidBecomeActiveyySo7UISceneCF
FN:35,$s14HDCoverageDemo13SceneDelegateC21sceneWillResignActiveyySo7UISceneCF
FN:40,$s14HDCoverageDemo13SceneDelegateC24sceneWillEnterForegroundyySo7UISceneCF
FN:45,$s14HDCoverageDemo13SceneDelegateC23sceneDidEnterBackgroundyySo7UISceneCF
FN:49,$s14HDCoverageDemo13SceneDelegateC23sceneDidEnterBackgroundyySo7UISceneCFyycfU_
FNDA:1,$s14HDCoverageDemo13SceneDelegateC5scene_13willConnectTo7optionsySo7UISceneC_So0J7SessionCSo0J17ConnectionOptionsCtF
FNDA:0,$s14HDCoverageDemo13SceneDelegateC18sceneDidDisconnectyySo7UISceneCF
FNDA:1,$s14HDCoverageDemo13SceneDelegateC20sceneDidBecomeActiveyySo7UISceneCF
FNDA:1,$s14HDCoverageDemo13SceneDelegateC21sceneWillResignActiveyySo7UISceneCF
FNDA:1,$s14HDCoverageDemo13SceneDelegateC24sceneWillEnterForegroundyySo7UISceneCF
FNDA:1,$s14HDCoverageDemo13SceneDelegateC23sceneDidEnterBackgroundyySo7UISceneCF
FNDA:1,$s14HDCoverageDemo13SceneDelegateC23sceneDidEnterBackgroundyySo7UISceneCFyycfU_
FNF:7
FNH:6
DA:16,1
DA:17,1
DA:18,1
DA:19,1
DA:20,1
DA:21,1
DA:23,0
DA:24,0
DA:25,0
DA:26,0
DA:27,0
DA:28,0
DA:30,1
DA:31,1
DA:32,1
DA:33,1
DA:35,1
DA:36,1
DA:37,1
DA:38,1
DA:40,1
DA:41,1
DA:42,1
DA:43,1
DA:45,1
DA:46,1
DA:47,1
DA:48,1
DA:49,1
DA:50,1
DA:51,1
DA:52,1
LF:35
LH:29
end_of_record
SF:/Users/denglibing/HDProject/HarryProject/iOS/hdcoverage/Example/HDCoverageDemo/Tools/HDCoverageTools.swift
FN:14,$s14HDCoverageDemo0A5ToolsC16registerCoverage10moduleNameySS_tF
FN:30,$s14HDCoverageDemo0A5ToolsC13saveAndUploadyyF
FNDA:3,$s14HDCoverageDemo0A5ToolsC16registerCoverage10moduleNameySS_tF
FNDA:4,$s14HDCoverageDemo0A5ToolsC13saveAndUploadyyF
FNF:2
FNH:2
DA:14,3
DA:15,3
DA:16,3
DA:17,3
DA:18,3
DA:19,3
DA:20,3
DA:21,3
DA:22,3
DA:23,3
DA:24,0
DA:25,3
DA:26,3
DA:27,3
DA:30,4
DA:31,4
DA:32,4
LF:17
LH:16
end_of_record
SF:/Users/denglibing/HDProject/HarryProject/iOS/hdcoverage/Example/HDCoverageDemo/ViewController.swift
FN:12,$s14HDCoverageDemo14ViewControllerC11viewDidLoadyyF
FN:25,$s14HDCoverageDemo14ViewControllerC15projectOCActionyySo8UIButtonCF
FN:29,$s14HDCoverageDemo14ViewControllerC18projectSwiftActionyySo8UIButtonCF
FN:33,$s14HDCoverageDemo14ViewControllerC17frameworkOCActionyySo8UIButtonCF
FN:37,$s14HDCoverageDemo14ViewControllerC20frameworkSwiftActionyySo8UIButtonCF
FN:41,$s14HDCoverageDemo14ViewControllerC12podsOCActionyySo8UIButtonCF
FN:45,$s14HDCoverageDemo14ViewControllerC14podSwiftActionyySo8UIButtonCF
FNDA:1,$s14HDCoverageDemo14ViewControllerC11viewDidLoadyyF
FNDA:0,$s14HDCoverageDemo14ViewControllerC15projectOCActionyySo8UIButtonCF
FNDA:0,$s14HDCoverageDemo14ViewControllerC18projectSwiftActionyySo8UIButtonCF
FNDA:2,$s14HDCoverageDemo14ViewControllerC17frameworkOCActionyySo8UIButtonCF
FNDA:2,$s14HDCoverageDemo14ViewControllerC20frameworkSwiftActionyySo8UIButtonCF
FNDA:0,$s14HDCoverageDemo14ViewControllerC12podsOCActionyySo8UIButtonCF
FNDA:0,$s14HDCoverageDemo14ViewControllerC14podSwiftActionyySo8UIButtonCF
FNF:7
FNH:3
DA:12,1
DA:13,1
DA:14,1
DA:15,1
DA:16,1
DA:17,1
DA:18,1
DA:19,1
DA:20,1
DA:21,1
DA:22,1
DA:25,0
DA:26,0
DA:27,0
DA:29,0
DA:30,0
DA:31,0
DA:33,2
DA:34,2
DA:35,2
DA:37,2
DA:38,2
DA:39,2
DA:41,0
DA:42,0
DA:43,0
DA:45,0
DA:46,0
DA:47,0
LF:29
LH:17
end_of_record
SF:/Users/denglibing/HDProject/HarryProject/iOS/hdcoverage/Example/HDCoverageFramework/HDOCFramework.m
FN:12,HDOCFramework.m:+[HDOCFramework frameworkOCAction:]
FNDA:2,HDOCFramework.m:+[HDOCFramework frameworkOCAction:]
FNF:1
FNH:1
DA:12,2
DA:13,2
DA:14,0
DA:15,0
DA:16,2
DA:17,1
DA:18,1
DA:19,1
DA:20,1
DA:21,1
DA:22,1
DA:23,0
DA:24,0
DA:25,1
DA:26,1
DA:27,1
DA:28,1
DA:29,2
DA:30,2
DA:31,2
DA:32,2
DA:33,2
LF:22
LH:18
end_of_record
SF:/Users/denglibing/HDProject/HarryProject/iOS/hdcoverage/Example/HDCoverageFramework/HDSwiftFramework.swift
FN:11,$s19HDCoverageFramework07HDSwiftB0V11saveProfileyyFZ
FN:26,$s19HDCoverageFramework07HDSwiftB0V20frameworkSwiftActionyySiFZ
FNDA:0,$s19HDCoverageFramework07HDSwiftB0V11saveProfileyyFZ
FNDA:2,$s19HDCoverageFramework07HDSwiftB0V20frameworkSwiftActionyySiFZ
FNF:2
FNH:1
DA:11,0
DA:12,0
DA:13,0
DA:14,0
DA:15,0
DA:16,0
DA:17,0
DA:18,0
DA:19,0
DA:20,0
DA:21,0
DA:22,0
DA:23,0
DA:24,0
DA:26,2
DA:27,2
DA:28,0
DA:29,2
DA:30,2
DA:31,1
DA:32,1
DA:33,1
DA:34,0
DA:35,1
DA:36,1
DA:37,1
DA:38,1
DA:39,2
DA:40,2
DA:41,1
DA:42,2
DA:43,2
DA:44,2
DA:45,2
DA:46,2
DA:47,2
LF:36
LH:20
end_of_record
